r/fatfire	https://reddit.com/r/fatFIRE/comments/1s7tiy3/is_umbrella_insurance_enough_or_am_i_missing/	2026-04-27T23:34:26.669118
r/insurance	https://reddit.com/r/Insurance/comments/1t2h4uv/home_insurance_for_21m_home/	2026-05-04T09:54:36.809245
r/architecture	https://reddit.com/r/architecture/comments/1tc3l5v/why_is_concrete_not_common_for_building_houses/	2026-05-15T10:35:58.142208
lametrohomefinder.com	https://www.lametrohomefinder.com/blog/fire-insurance-non-renewal-orange-county-hillsides-2026	2026-05-16T15:31:49.052413
usnews.com	https://www.usnews.com/insurance/homeowners-insurance/local/california	2026-05-16T15:31:49.053246
managecasa.com	https://managecasa.com/articles/california-housing-market-2026	2026-05-16T15:31:49.053349
r/homeimprovement	https://reddit.com/r/HomeImprovement/comments/1tdpa6h/builders_are_unhappy_to_quote_on_structural/	2026-05-17T13:28:04.492935
hauteresidence.com	https://www.hauteresidence.com/modern-italian-villa-with-a-pared-down-sophisticated-aesthetic/	2026-05-17T13:28:04.493575
r/realestate	https://reddit.com/r/RealEstate/comments/1tfndrj/should_i_cut_losses_and_short_sale/	2026-05-18T09:04:00.857631
santacruzsentinel.com	https://www.santacruzsentinel.com/2026/05/24/california-fair-plan-rates-going-up-29-in-late-2026/	2026-05-25T09:38:28.201865
newhousebuilder.com	https://newhousebuilder.com/insulated-concrete-forms/	2026-05-25T09:38:28.749073
clearsurance.com	https://clearsurance.com/best-homeowners-insurance/CA	2026-05-25T09:38:29.288243
theguardian.com	https://www.theguardian.com/us-news/2026/may/04/california-state-farm-insurance-violations-wildfires	2026-05-25T11:34:04.611918
kqed.org	https://www.kqed.org/news/12083384/californias-home-insurance-market-is-in-crisis-can-a-new-insurance-commissioner-fix-it	2026-05-25T11:34:04.612855
davisvanguard.org	https://davisvanguard.org/2026/05/san-jose-fire-resistant-adu/	2026-05-25T21:59:34.886757
independent.com	https://www.independent.com/2026/04/29/see-wildfire-resiliency-work-first-hand-at-wildfire-preparedness-week-event-in-santa-barbara-county/	2026-05-25T21:59:34.887873
oldharbor.com	https://oldharbor.com/2026/05/20/safeco-insurance-non-renewal/	2026-05-25T21:59:34.888121
dupontregistry.com	https://news.dupontregistry.com/blogs/lifestyle/this-400m-beverly-hills-estate	2026-05-25T21:59:34.888279
yubanet.com	https://yubanet.com/regional/wildfire-ready-coalition-presents-workshop-on-wildfire-ready-home-advisory-assessments/	2026-05-25T21:59:34.888443
insurancenewsnet.com	https://insurancenewsnet.com/oarticle/wildfire-designation-program-aims-to-help-washington-homeowners-keep-insurance	2026-05-26T10:07:24.714297
san francisco chronicle		2026-05-26T10:31:27.534595
insurancenewsnet		2026-05-26T10:31:27.534681
davis vanguard		2026-05-26T10:31:27.534768
santa barbara independent		2026-05-26T10:31:27.534827
dupont registry		2026-05-26T10:31:27.534885
insurance journal		2026-05-26T10:31:27.534943
ocregister.com	https://www.ocregister.com/2026/05/20/california-fair-plan-rates-going-up-29-in-late-2026/	2026-05-31T09:29:15.817535
cowboystatedaily.com	https://cowboystatedaily.com/2026/05/25/wyoming-company-uses-high-tech-ai-sprinklers-to-save-homes-from-wildfire/	2026-06-01T11:39:11.319269
shenrealty.com	https://shenrealty.com/malibu-real-estate-blog/carbon-beach-malibu-inside-billionaire-s-beach/	2026-06-01T11:39:11.943180
